
----------

[ Q Learning ]

----------

Settings

- Environment: 
      |     0       1       2       3       4       5       6
  ----|------------------------------------------------------------
    0 | [ (0,0) , (0,1) , (0,2) , (0,3) , (0,4) , (0,5) , (0,6) ]
            |               |                               |  
          <Puddle>        <Start>                          <Goal>
                            <= [Agent] =>
  
  - Start : Start Position (0, 2)
  - Goal  : Goal Position (0, 6)
  - Puddle: Big Cost Position (0, 0)

- Agent:
  - Robot (Only left and right movement)

- Reward:
      |     0       1       2       3       4       5       6
  ----|------------------------------------------------------------
    0 | [  -100 ,  -1   ,   0   ,  -1   ,  -1   ,  -1   ,   10  ]

- Learning
  - max episodes: 100
  - episode end conditions: When the agent reaches the Goal
      
----------

Result:

 - best episode number :  5
 - best reward         :  7
 - best places passed  :  [[0, 2], [0, 3], [0, 4], [0, 5], [0, 6]]
 - best policy         :  [[0, 1], [0, 1], [0, 1], [0, 1], [0, -1]]
 - best Q-values       :  [[-67, 0, 5, 6, 10, 10, 17]]
